Removed Pin From Net: NetName=GND Pin=SW1-3
Removed Pin From Net: NetName=GND Pin=SW2-3
Change Component Footprint: Designator=C1 Old Footprint=0603_C New Footprint=LC-0603_C
Change Component Footprint: Designator=C2 Old Footprint=0603_C New Footprint=LC-0603_C
Change Component Footprint: Designator=C3 Old Footprint=0603_C New Footprint=LC-0603_C
Change Component Footprint: Designator=C4 Old Footprint=0603_C New Footprint=LC-0603_C
Change Component Footprint: Designator=C5 Old Footprint=0603_C New Footprint=LC-0603_C
Change Component Footprint: Designator=C6 Old Footprint=0603_C New Footprint=LC-0603_C
Change Component Footprint: Designator=C7 Old Footprint=0603_C New Footprint=LC-0603_C
Change Component Footprint: Designator=C8 Old Footprint=0603_C New Footprint=LC-0603_C
Change Component Footprint: Designator=C10 Old Footprint=0603_C New Footprint=LC-0603_C
Change Component Footprint: Designator=C11 Old Footprint=0603_C New Footprint=LC-0603_C
Change Component Footprint: Designator=C12 Old Footprint=0603_C New Footprint=LC-0603_C
Change Component Footprint: Designator=C13 Old Footprint=0603_C New Footprint=LC-0603_C
Change Component Footprint: Designator=C14 Old Footprint=0603_C New Footprint=LC-0603_C
Change Component Footprint: Designator=C15 Old Footprint=0603_C New Footprint=LC-0603_C
Change Component Footprint: Designator=R2 Old Footprint=0603_R New Footprint=LC-0603_R
Change Component Footprint: Designator=R3 Old Footprint=0603_R New Footprint=LC-0603_R
Change Component Footprint: Designator=R4 Old Footprint=0603_R New Footprint=LC-0603_R
Change Component Footprint: Designator=R5 Old Footprint=0603_R New Footprint=LC-0603_R
Change Component Footprint: Designator=R6 Old Footprint=0603_R New Footprint=LC-0603_R
Change Component Footprint: Designator=R7 Old Footprint=0603_R New Footprint=LC-0603_R
Change Component Footprint: Designator=R8 Old Footprint=0603_R New Footprint=LC-0603_R
Change Component Footprint: Designator=R9 Old Footprint=0603_R New Footprint=LC-0603_R
Change Component Footprint: Designator=R10 Old Footprint=0603_R New Footprint=LC-0603_R
Change Component Footprint: Designator=R14 Old Footprint=0603_R New Footprint=LC-0603_R
Change Component Footprint: Designator=R21 Old Footprint=0603_R New Footprint=LC-0603_R
Change Component Footprint: Designator=D1 Old Footprint=0805_LED_S1 New Footprint=LC-0805_LED_S1
Change Component Footprint: Designator=D2 Old Footprint=0805_LED_S1 New Footprint=LC-0805_LED_S1
Change Component Footprint: Designator=D5 Old Footprint=0805_LED_S1 New Footprint=LC-0805_LED_S1
Change Component Footprint: Designator=SW1 Old Footprint=key New Footprint=button
Change Component Footprint: Designator=SW2 Old Footprint=key New Footprint=button
Change Component Footprint: Designator=D3 Old Footprint=SOD-123 New Footprint=LC-SOD-123
Change Component Footprint: Designator=D4 Old Footprint=SOD-323 New Footprint=LC-SOD-123
Change Component Footprint: Designator=Q1 Old Footprint=SOT-23(SOT-23-3) New Footprint=LC-SOT-23(SOT-23-3)
Change Component Footprint: Designator=U4 Old Footprint=SOT-23(SOT-23-3) New Footprint=LC-SOT-23(SOT-23-3)
Change Component Footprint: Designator=U3 Old Footprint=SOT-23-5 New Footprint=LC-SOT-23-5
