Removed Pin From Net: NetName=GND Pin=D5-K
Removed Pin From Net: NetName=CT_3.3V Pin=Q1-3
Removed Pin From Net: NetName=+3.3V Pin=R8-1
Removed Pin From Net: NetName=NetQ1_1 Pin=R8-2
Removed Pin From Net: NetName=PA7 Pin=R9-2
Removed Pin From Net: NetName=CT_3.3V Pin=R10-1
Removed Member From Class: ClassName=Pulse Member=D5
Removed Member From Class: ClassName=Pulse Member=R9
Removed Member From Class: ClassName=Pulse Member=R10
Change Component Footprint: Designator=Q1 Old Footprint=LC-SOT-23(SOT-23-3) New Footprint=SOT95P237X112-3N
Change Component Comment : Designator=Q1 Old Comment=QNPN New Comment=SI2308CDS-T1-GE3
Change component parameters: Designator = "R8" ("R8"); Footprint = "LC-0603_R"; UniqueID = "\GIDHWSHS" ("\GIDHWSHS")
Change component parameters (AddParameter): Name = "LatestRevisionDate"; Value = "29-May-2009"; VariantName = "[No Variations]"
Change component parameters (AddParameter): Name = "LatestRevisionNote"; Value = "IPC-7351 Footprint Added."; VariantName = "[No Variations]"
Change component parameters (AddParameter): Name = "PackageDescription"; Value = "Chip Resistor"; VariantName = "[No Variations]"
Change component parameters (AddParameter): Name = "PackageReference"; Value = "J1-0603"; VariantName = "[No Variations]"
Change component parameters (AddParameter): Name = "Published"; Value = "8-Jun-2000"; VariantName = "[No Variations]"
Change component parameters (AddParameter): Name = "Publisher"; Value = "Altium Limited"; VariantName = "[No Variations]"
Change component parameters (AddParameter): Name = "Value"; Value = "10K"; VariantName = "[No Variations]"
Change component parameters: Designator = "Q1" ("Q1"); Footprint = "LC-SOT-23(SOT-23-3)"; UniqueID = "\VIYHVYQU" ("\VIYHVYQU")
Change component parameters (AddParameter): Name = "Availability"; Value = "Unavailable"; VariantName = "[No Variations]"
Change component parameters (AddParameter): Name = "MF"; Value = "{'manufacturer': u'Vishay Siliconix'}"; VariantName = "[No Variations]"
Change component parameters (AddParameter): Name = "MP"; Value = "SI2308CDS-T1-GE3"; VariantName = "[No Variations]"
Change component parameters (AddParameter): Name = "Package"; Value = "None"; VariantName = "[No Variations]"
Change component parameters (AddParameter): Name = "Price"; Value = "None"; VariantName = "[No Variations]"
Change component parameters (AddParameter): Name = "Value"; Value = ""; VariantName = "[No Variations]"
Added Component: Designator=R1(LC-0603_R)
Add component (AddParameter): Name = "LatestRevisionDate"; Value = "29-May-2009"; VariantName = "[No Variations]"
Add component (AddParameter): Name = "LatestRevisionNote"; Value = "IPC-7351 Footprint Added."; VariantName = "[No Variations]"
Add component (AddParameter): Name = "PackageDescription"; Value = "Chip Resistor"; VariantName = "[No Variations]"
Add component (AddParameter): Name = "PackageReference"; Value = "J1-0603"; VariantName = "[No Variations]"
Add component (AddParameter): Name = "Published"; Value = "8-Jun-2000"; VariantName = "[No Variations]"
Add component (AddParameter): Name = "Publisher"; Value = "Altium Limited"; VariantName = "[No Variations]"
Add component (AddParameter): Name = "Value"; Value = "1K"; VariantName = "[No Variations]"
Added Pin To Net: NetName=CT_3.3V Pin=Q1-2
Added Pin To Net: NetName=+3.3V Pin=Q1-3
Added Pin To Net: NetName=NetQ1_1 Pin=R1-1
Added Pin To Net: NetName=PA7 Pin=R1-2
Added Pin To Net: NetName=NetQ1_1 Pin=R8-1
Added Pin To Net: NetName=GND Pin=R8-2
Added Member To Class: ClassName=Pulse Member=Component R1 Res3
