Removed Pin From Net: NetName=GND Pin=P1-1
Removed Pin From Net: NetName=CT_3.3V Pin=P1-2
Removed Pin From Net: NetName=PB11 Pin=P1-3
Removed Pin From Net: NetName=PB10 Pin=P1-4
Removed Pin From Net: NetName=PB2 Pin=P1-5
Removed Pin From Net: NetName=PB1 Pin=P1-6
Removed Member From Class: ClassName=Pulse2 Member=P1
Added Component: Designator=bme1(BME280)
Added Component: Designator=BUZZER1(5020BUZZER)
Added Component: Designator=C12(LC-0603_C)
Added Component: Designator=C13(LC-0603_C)
Added Component: Designator=C16(LC-0603_C)
Added Component: Designator=C17(LC-0603_C)
Added Component: Designator=C18(LC-0603_C)
Added Component: Designator=C19(LC-0603_C)
Added Component: Designator=IC4(QFN24 4x4_M)
Added Component: Designator=IC5(SOP8_N)
Added Component: Designator=JP2(HDR2.54-M-LI-4P)
Add component (AddParameter): Name = "BOM名称"; Value = "4P接插件"; VariantName = "[No Variations]"
Add component (AddParameter): Name = "学习资源"; Value = "https://shop463601444.taobao.com"; VariantName = "[No Variations]"
Add component (AddParameter): Name = "版权归属"; Value = "封装库来自淘宝 ID：黄晶宝石"; VariantName = "[No Variations]"
Added Component: Designator=Q1(SOT23-3N)
Add component (AddParameter): Name = "BOM名称"; Value = "高频放大-NPN型"; VariantName = "[No Variations]"
Add component (AddParameter): Name = "学习资源"; Value = "www.ooocke.com"; VariantName = "[No Variations]"
Add component (AddParameter): Name = "属性"; Value = "40V 1.5A 1W 100MHZ"; VariantName = "[No Variations]"
Add component (AddParameter): Name = "版权归属"; Value = "源创客"; VariantName = "[No Variations]"
Added Component: Designator=R1(R 0603_L)
Add component (AddParameter): Name = "BOM名称"; Value = "贴片电阻"; VariantName = "[No Variations]"
Add component (AddParameter): Name = "版权归属"; Value = "来自淘宝 ID：黄晶宝石"; VariantName = "[No Variations]"
Add component (AddParameter): Name = "联系售后"; Value = "https://shop463601444.taobao.com"; VariantName = "[No Variations]"
Added Component: Designator=R2(R 0603_L)
Add component (AddParameter): Name = "BOM名称"; Value = "贴片电阻"; VariantName = "[No Variations]"
Add component (AddParameter): Name = "版权归属"; Value = "来自淘宝 ID：黄晶宝石"; VariantName = "[No Variations]"
Add component (AddParameter): Name = "联系售后"; Value = "https://shop463601444.taobao.com"; VariantName = "[No Variations]"
Added Component: Designator=R4(R 0603_L)
Add component (AddParameter): Name = "BOM名称"; Value = "贴片电阻"; VariantName = "[No Variations]"
Add component (AddParameter): Name = "版权归属"; Value = "来自淘宝 ID：黄晶宝石"; VariantName = "[No Variations]"
Add component (AddParameter): Name = "联系售后"; Value = "https://shop463601444.taobao.com"; VariantName = "[No Variations]"
Added Component: Designator=R5(R 0603_L)
Add component (AddParameter): Name = "BOM名称"; Value = "贴片电阻"; VariantName = "[No Variations]"
Add component (AddParameter): Name = "版权归属"; Value = "来自淘宝 ID：黄晶宝石"; VariantName = "[No Variations]"
Add component (AddParameter): Name = "联系售后"; Value = "https://shop463601444.taobao.com"; VariantName = "[No Variations]"
Added Component: Designator=R17(R 0603_L)
Add component (AddParameter): Name = "BOM名称"; Value = "贴片电阻"; VariantName = "[No Variations]"
Add component (AddParameter): Name = "版权归属"; Value = "来自淘宝 ID：黄晶宝石"; VariantName = "[No Variations]"
Add component (AddParameter): Name = "联系售后"; Value = "https://shop463601444.taobao.com"; VariantName = "[No Variations]"
Added Component: Designator=R18(R 0603_L)
Add component (AddParameter): Name = "BOM名称"; Value = "贴片电阻"; VariantName = "[No Variations]"
Add component (AddParameter): Name = "版权归属"; Value = "来自淘宝 ID：黄晶宝石"; VariantName = "[No Variations]"
Add component (AddParameter): Name = "联系售后"; Value = "https://shop463601444.taobao.com"; VariantName = "[No Variations]"
Added Component: Designator=R19(R 0603_L)
Add component (AddParameter): Name = "BOM名称"; Value = "贴片电阻"; VariantName = "[No Variations]"
Add component (AddParameter): Name = "版权归属"; Value = "来自淘宝 ID：黄晶宝石"; VariantName = "[No Variations]"
Add component (AddParameter): Name = "联系售后"; Value = "https://shop463601444.taobao.com"; VariantName = "[No Variations]"
Added Pin To Net: NetName=GND Pin=bme1-1
Added Pin To Net: NetName=CT_3.3V Pin=bme1-2
Added Pin To Net: NetName=CT_3.3V Pin=bme1-6
Added Pin To Net: NetName=GND Pin=bme1-7
Added Pin To Net: NetName=CT_3.3V Pin=bme1-8
Added Pin To Net: NetName=CT_3.3V Pin=BUZZER1-1
Added Pin To Net: NetName=CT_3.3V Pin=C12-1
Added Pin To Net: NetName=GND Pin=C12-2
Added Pin To Net: NetName=GND Pin=C13-2
Added Pin To Net: NetName=CT_3.3V Pin=C16-1
Added Pin To Net: NetName=GND Pin=C16-2
Added Pin To Net: NetName=CT_3.3V Pin=C17-1
Added Pin To Net: NetName=GND Pin=C17-2
Added Pin To Net: NetName=GND Pin=C18-2
Added Pin To Net: NetName=CT_3.3V Pin=C19-1
Added Pin To Net: NetName=GND Pin=C19-2
Added Pin To Net: NetName=GND Pin=IC4-1
Added Pin To Net: NetName=CT_3.3V Pin=IC4-8
Added Pin To Net: NetName=CT_3.3V Pin=IC4-9
Added Pin To Net: NetName=GND Pin=IC4-11
Added Pin To Net: NetName=CT_3.3V Pin=IC4-13
Added Pin To Net: NetName=GND Pin=IC4-18
Added Pin To Net: NetName=GND Pin=IC5-2
Added Pin To Net: NetName=GND Pin=IC5-5
Added Pin To Net: NetName=BAT_4.2 Pin=IC5-6
Added Pin To Net: NetName=GND Pin=JP2-1
Added Pin To Net: NetName=CT_3.3V Pin=JP2-2
Added Pin To Net: NetName=PB11 Pin=JP2-3
Added Pin To Net: NetName=PB10 Pin=JP2-4
Added Pin To Net: NetName=GND Pin=Q1-2
Added Pin To Net: NetName=GND Pin=R1-1
Added Pin To Net: NetName=CT_3.3V Pin=R2-2
Added Pin To Net: NetName=CT_3.3V Pin=R4-2
Added Pin To Net: NetName=CT_3.3V Pin=R5-2
Added Pin To Net: NetName=CT_3.3V Pin=R17-2
Added Pin To Net: NetName=GND Pin=R19-1
Added Pin To Net: NetName=Buzz_signal Pin=R18-2
Added Pin To Net: NetName=Buzz_signal Pin=U1-38
Added Net: Name=Buzz_signal
Added Pin To Net: NetName=DS3231_INT Pin=IC5-3
Added Pin To Net: NetName=DS3231_INT Pin=R5-1
Added Pin To Net: NetName=DS3231_INT Pin=U1-28
Added Net: Name=DS3231_INT
Added Pin To Net: NetName=MPU6050_INT Pin=IC4-12
Added Pin To Net: NetName=MPU6050_INT Pin=U1-25
Added Net: Name=MPU6050_INT
Added Pin To Net: NetName=Netbme1_5 Pin=bme1-5
Added Pin To Net: NetName=Netbme1_5 Pin=R1-2
Added Net: Name=Netbme1_5
Added Pin To Net: NetName=NetBUZZER1_2 Pin=BUZZER1-2
Added Pin To Net: NetName=NetBUZZER1_2 Pin=Q1-3
Added Net: Name=NetBUZZER1_2
Added Pin To Net: NetName=NetC13_1 Pin=C13-1
Added Pin To Net: NetName=NetC13_1 Pin=IC4-20
Added Net: Name=NetC13_1
Added Pin To Net: NetName=NetC18_1 Pin=C18-1
Added Pin To Net: NetName=NetC18_1 Pin=IC4-10
Added Net: Name=NetC18_1
Added Pin To Net: NetName=NetIC5_1 Pin=IC5-1
Added Pin To Net: NetName=NetIC5_1 Pin=R17-1
Added Net: Name=NetIC5_1
Added Pin To Net: NetName=NetQ1_1 Pin=Q1-1
Added Pin To Net: NetName=NetQ1_1 Pin=R18-1
Added Pin To Net: NetName=NetQ1_1 Pin=R19-2
Added Net: Name=NetQ1_1
Added Pin To Net: NetName=SCL2 Pin=bme1-4
Added Pin To Net: NetName=SCL2 Pin=IC4-23
Added Pin To Net: NetName=SCL2 Pin=IC5-8
Added Pin To Net: NetName=SCL2 Pin=R4-1
Added Pin To Net: NetName=SCL2 Pin=U1-27
Added Net: Name=SCL2
Added Pin To Net: NetName=SDA2 Pin=bme1-3
Added Pin To Net: NetName=SDA2 Pin=IC4-24
Added Pin To Net: NetName=SDA2 Pin=IC5-7
Added Pin To Net: NetName=SDA2 Pin=R2-1
Added Pin To Net: NetName=SDA2 Pin=U1-26
Added Net: Name=SDA2
Added Class: Name=Pulse3
Added Member To Class: ClassName=Pulse2 Member=Component JP2 HDR-1X4
