Removed Pin From Net: NetName=CT_3.3V Pin=BUZZER1-1
Removed Pin From Net: NetName=CT_3.3V Pin=C16-1
Removed Pin From Net: NetName=CT_3.3V Pin=C17-1
Removed Pin From Net: NetName=GND Pin=IC4-1
Removed Pin From Net: NetName=CT_3.3V Pin=IC4-8
Removed Pin From Net: NetName=CT_3.3V Pin=IC4-9
Removed Pin From Net: NetName=GND Pin=IC4-11
Removed Pin From Net: NetName=MPU6050_INT Pin=IC4-12
Removed Pin From Net: NetName=CT_3.3V Pin=IC4-13
Removed Pin From Net: NetName=GND Pin=IC4-18
Removed Pin From Net: NetName=NetC13_1 Pin=IC4-20
Removed Pin From Net: NetName=SCL2 Pin=IC4-23
Removed Pin From Net: NetName=SDA2 Pin=IC4-24
Removed Pin From Net: NetName=GND Pin=IC5-2
Removed Pin From Net: NetName=DS3231_INT Pin=IC5-3
Removed Pin From Net: NetName=GND Pin=IC5-5
Removed Pin From Net: NetName=BAT_4.2 Pin=IC5-6
Removed Pin From Net: NetName=SDA2 Pin=IC5-7
Removed Pin From Net: NetName=SCL2 Pin=IC5-8
Removed Pin From Net: NetName=GND Pin=R1-1
Removed Pin From Net: NetName=Netbme1_5 Pin=R1-2
Removed Pin From Net: NetName=SDA2 Pin=R2-1
Removed Pin From Net: NetName=CT_3.3V Pin=R2-2
Removed Pin From Net: NetName=SCL2 Pin=R4-1
Removed Pin From Net: NetName=CT_3.3V Pin=R4-2
Removed Pin From Net: NetName=DS3231_INT Pin=R5-1
Removed Pin From Net: NetName=CT_3.3V Pin=R5-2
Removed Pin From Net: NetName=PA1 Pin=R14-1
Removed Pin From Net: NetName=GND Pin=R14-2
Removed Pin From Net: NetName=BAT_4.2 Pin=R15-2
Removed Pin From Net: NetName=PA0 Pin=R16-1
Removed Pin From Net: NetName=GND Pin=R16-2
Removed Pin From Net: NetName=NetQ1_1 Pin=R18-1
Removed Pin From Net: NetName=Buzz_signal Pin=R18-2
Removed Pin From Net: NetName=GND Pin=R19-1
Removed Pin From Net: NetName=NetQ1_1 Pin=R19-2
Removed Pin From Net: NetName=3.3V Pin=SW1-1
Removed Pin From Net: NetName=PA1 Pin=SW1-2
Removed Pin From Net: NetName=3.3V Pin=SW2-1
Removed Pin From Net: NetName=PA0 Pin=SW2-2
Removed Pin From Net: NetName=BAT_4.2 Pin=U6-3
Change Component Footprint: Designator=IC4 Old Footprint=QFN24 4x4_M New Footprint=SOP8_N
Change Component Footprint: Designator=IC5 Old Footprint=SOP8_N New Footprint=QFN24 4x4_M
Change Component Comment : Designator=R18 Old Comment=2K2 New Comment=4K7
Change Component Comment : Designator=R1 Old Comment=10K New Comment=4K7
Change Component Comment : Designator=R19 Old Comment=240K New Comment=2K2
Change Component Comment : Designator=C17 Old Comment=475 New Comment=104
Change Component Comment : Designator=IC5 Old Comment=DS3231-8PIN New Comment=MPU6050
Change Component Comment : Designator=IC4 Old Comment=MPU6050 New Comment=DS3231-8PIN
Added Component: Designator=C20(C 0402_L)
Added Component: Designator=C21(C 0402_L)
Added Component: Designator=C22(C 0402_L)
Added Component: Designator=R20(R 0402_L)
Add component (AddParameter): Name = "BOM名称"; Value = "贴片电阻"; VariantName = "[No Variations]"
Add component (AddParameter): Name = "版权归属"; Value = "来自淘宝 ID：黄晶宝石"; VariantName = "[No Variations]"
Add component (AddParameter): Name = "联系售后"; Value = "https://shop463601444.taobao.com"; VariantName = "[No Variations]"
Added Component: Designator=R21(R 0402_L)
Add component (AddParameter): Name = "BOM名称"; Value = "贴片电阻"; VariantName = "[No Variations]"
Add component (AddParameter): Name = "版权归属"; Value = "来自淘宝 ID：黄晶宝石"; VariantName = "[No Variations]"
Add component (AddParameter): Name = "联系售后"; Value = "https://shop463601444.taobao.com"; VariantName = "[No Variations]"
Added Component: Designator=R22(R 0402_L)
Add component (AddParameter): Name = "BOM名称"; Value = "贴片电阻"; VariantName = "[No Variations]"
Add component (AddParameter): Name = "版权归属"; Value = "来自淘宝 ID：黄晶宝石"; VariantName = "[No Variations]"
Add component (AddParameter): Name = "联系售后"; Value = "https://shop463601444.taobao.com"; VariantName = "[No Variations]"
Added Component: Designator=U7(AT24C256)
Added Component: Designator=U8(EC190708)
Added Pin To Net: NetName=3.3V Pin=BUZZER1-1
Added Pin To Net: NetName=BAT_4.2 Pin=C17-1
Added Pin To Net: NetName=CT_3.3V Pin=C18-1
Added Pin To Net: NetName=PA0 Pin=C20-1
Added Pin To Net: NetName=GND Pin=C20-2
Added Pin To Net: NetName=PA1 Pin=C21-1
Added Pin To Net: NetName=GND Pin=C21-2
Added Pin To Net: NetName=CT_3.3V Pin=C22-1
Added Pin To Net: NetName=GND Pin=C22-2
Added Pin To Net: NetName=GND Pin=IC4-2
Added Pin To Net: NetName=DS3231_INT Pin=IC4-3
Added Pin To Net: NetName=GND Pin=IC4-5
Added Pin To Net: NetName=BAT_4.2 Pin=IC4-6
Added Pin To Net: NetName=SDA2 Pin=IC4-7
Added Pin To Net: NetName=SCL2 Pin=IC4-8
Added Pin To Net: NetName=GND Pin=IC5-1
Added Pin To Net: NetName=CT_3.3V Pin=IC5-8
Added Pin To Net: NetName=CT_3.3V Pin=IC5-9
Added Pin To Net: NetName=GND Pin=IC5-11
Added Pin To Net: NetName=MPU6050_INT Pin=IC5-12
Added Pin To Net: NetName=CT_3.3V Pin=IC5-13
Added Pin To Net: NetName=GND Pin=IC5-18
Added Pin To Net: NetName=NetC13_1 Pin=IC5-20
Added Pin To Net: NetName=SCL2 Pin=IC5-23
Added Pin To Net: NetName=SDA2 Pin=IC5-24
Added Pin To Net: NetName=3.3V Pin=R1-2
Added Pin To Net: NetName=3.3V Pin=R2-2
Added Pin To Net: NetName=DS3231_INT Pin=R4-1
Added Pin To Net: NetName=3.3V Pin=R4-2
Added Pin To Net: NetName=3.3V Pin=R5-2
Added Pin To Net: NetName=3.3V Pin=R14-1
Added Pin To Net: NetName=PA0 Pin=R14-2
Added Pin To Net: NetName=3.3V Pin=R16-1
Added Pin To Net: NetName=PA1 Pin=R16-2
Added Pin To Net: NetName=SDA2 Pin=R17-1
Added Pin To Net: NetName=SCL2 Pin=R18-1
Added Pin To Net: NetName=CT_3.3V Pin=R18-2
Added Pin To Net: NetName=NetQ1_1 Pin=R19-1
Added Pin To Net: NetName=Buzz_signal Pin=R19-2
Added Pin To Net: NetName=GND Pin=R20-1
Added Pin To Net: NetName=Netbme1_5 Pin=R20-2
Added Pin To Net: NetName=GND Pin=R21-1
Added Pin To Net: NetName=NetQ1_1 Pin=R21-2
Added Pin To Net: NetName=BAT_4.2 Pin=R22-1
Added Pin To Net: NetName=PA1 Pin=SW1-1
Added Pin To Net: NetName=GND Pin=SW1-2
Added Pin To Net: NetName=PA0 Pin=SW2-1
Added Pin To Net: NetName=GND Pin=SW2-2
Added Pin To Net: NetName=GND Pin=U7-1
Added Pin To Net: NetName=GND Pin=U7-2
Added Pin To Net: NetName=GND Pin=U7-3
Added Pin To Net: NetName=GND Pin=U7-4
Added Pin To Net: NetName=GND Pin=U7-7
Added Pin To Net: NetName=3.3V Pin=U7-8
Added Pin To Net: NetName=GND Pin=U8-2
Added Pin To Net: NetName=PA1 Pin=U8-3
Added Pin To Net: NetName=BAT_4.2 Pin=U8-5
Added Pin To Net: NetName=NetC16_1 Pin=C16-1
Added Pin To Net: NetName=NetC16_1 Pin=IC5-10
Added Net: Name=NetC16_1
Added Pin To Net: NetName=NetIC4_1 Pin=IC4-1
Added Pin To Net: NetName=NetIC4_1 Pin=R5-1
Added Net: Name=NetIC4_1
Added Pin To Net: NetName=PWR_CT Pin=R15-2
Added Pin To Net: NetName=PWR_CT Pin=R22-2
Added Pin To Net: NetName=PWR_CT Pin=U6-3
Added Pin To Net: NetName=PWR_CT Pin=U8-1
Added Net: Name=PWR_CT
Added Pin To Net: NetName=SCL3 Pin=R2-1
Added Pin To Net: NetName=SCL3 Pin=U7-6
Added Net: Name=SCL3
Added Pin To Net: NetName=SDA3 Pin=R1-1
Added Pin To Net: NetName=SDA3 Pin=U7-5
Added Net: Name=SDA3
Added Member To Class: ClassName=Pulse2 Member=Component bme1 BME280
Added Member To Class: ClassName=Pulse2 Member=Component BUZZER1 Beep-5020
Added Member To Class: ClassName=Pulse2 Member=Component C12 222
Added Member To Class: ClassName=Pulse2 Member=Component C13 222
Added Member To Class: ClassName=Pulse2 Member=Component C16 104
Added Member To Class: ClassName=Pulse2 Member=Component C17 104
Added Member To Class: ClassName=Pulse2 Member=Component C18 104
Added Member To Class: ClassName=Pulse2 Member=Component C19 104
Added Member To Class: ClassName=Pulse2 Member=Component C20 100nF
Added Member To Class: ClassName=Pulse2 Member=Component C21 100nF
Added Member To Class: ClassName=Pulse2 Member=Component C22 475
Added Member To Class: ClassName=Pulse2 Member=Component IC4 DS3231-8PIN
Added Member To Class: ClassName=Pulse2 Member=Component IC5 MPU6050
Added Member To Class: ClassName=Pulse2 Member=Component Q1 SS8050
Added Member To Class: ClassName=Pulse2 Member=Component R1 4K7
Added Member To Class: ClassName=Pulse2 Member=Component R2 4K7
Added Member To Class: ClassName=Pulse2 Member=Component R4 4K7
Added Member To Class: ClassName=Pulse2 Member=Component R5 4K7
Added Member To Class: ClassName=Pulse2 Member=Component R17 4K7
Added Member To Class: ClassName=Pulse2 Member=Component R18 4K7
Added Member To Class: ClassName=Pulse2 Member=Component R19 2K2
Added Member To Class: ClassName=Pulse2 Member=Component R20 10K
Added Member To Class: ClassName=Pulse2 Member=Component R21 240K
Added Member To Class: ClassName=Pulse2 Member=Component R22 ??
Added Member To Class: ClassName=Pulse2 Member=Component U7
Added Member To Class: ClassName=Pulse2 Member=Component U8
