Removed Pin From Net: NetName=PB9 Pin=IC1-2
Removed Pin From Net: NetName=PB8 Pin=IC1-3
Removed Pin From Net: NetName=PA1 Pin=IC2-1
Removed Pin From Net: NetName=PA5 Pin=IC2-2
Removed Pin From Net: NetName=PA11 Pin=IC3-1
Removed Pin From Net: NetName=PA12 Pin=IC3-2
Removed Pin From Net: NetName=PA6 Pin=LED2-2
Removed Pin From Net: NetName=PA0 Pin=R14-1
Removed Pin From Net: NetName=PB15 Pin=R16-1
Removed Pin From Net: NetName=PA0 Pin=SW1-2
Removed Pin From Net: NetName=PB15 Pin=SW2-2
Added Pin To Net: NetName=PB7 Pin=IC1-2
Added Pin To Net: NetName=PB6 Pin=IC1-3
Added Pin To Net: NetName=PB8 Pin=IC2-1
Added Pin To Net: NetName=PB9 Pin=IC2-2
Added Pin To Net: NetName=PB3 Pin=IC3-1
Added Pin To Net: NetName=PB4 Pin=IC3-2
Added Pin To Net: NetName=PB5 Pin=LED2-2
Added Pin To Net: NetName=PA1 Pin=R14-1
Added Pin To Net: NetName=PA0 Pin=R16-1
Added Pin To Net: NetName=PA1 Pin=SW1-2
Added Pin To Net: NetName=PA0 Pin=SW2-2
